2018-08-13 11:53:44.708  INFO 10980 --- [main] ConfigServletWebServerApplicationContext : Refreshing org.springframework.boot.web.servlet.context.AnnotationConfigServletWebServerApplicationContext@7c469c48: startup date [Mon Aug 13 11:53:44 EET 2018]; root of context hierarchy
2018-08-13 11:53:48.244  INFO 10980 --- [main] trationDelegate$BeanPostProcessorChecker : Bean 'org.springframework.transaction.annotation.ProxyTransactionManagementConfiguration' of type [org.springframework.transaction.annotation.ProxyTransactionManagementConfiguration$$EnhancerBySpringCGLIB$$615b96d8] is not eligible for getting processed by all BeanPostProcessors (for example: not eligible for auto-proxying)
2018-08-13 11:53:48.334  INFO 10980 --- [main] trationDelegate$BeanPostProcessorChecker : Bean 'org.springframework.hateoas.config.HateoasConfiguration' of type [org.springframework.hateoas.config.HateoasConfiguration$$EnhancerBySpringCGLIB$$e0dbe40a] is not eligible for getting processed by all BeanPostProcessors (for example: not eligible for auto-proxying)
2018-08-13 11:53:51.726  INFO 10980 --- [main] o.s.b.w.embedded.tomcat.TomcatWebServer  : Tomcat initialized with port(s): 8080 (http)
2018-08-13 11:53:51.782  INFO 10980 --- [main] o.apache.catalina.core.StandardService   : Starting service [Tomcat]
2018-08-13 11:53:51.783  INFO 10980 --- [main] org.apache.catalina.core.StandardEngine  : Starting Servlet Engine: Apache Tomcat/8.5.32
2018-08-13 11:53:51.824  INFO 10980 --- [localhost-startStop-1] o.a.catalina.core.AprLifecycleListener   : The APR based Apache Tomcat Native library which allows optimal performance in production environments was not found on the java.library.path: [C:\Program Files\Java\jre1.8.0_181\bin;C:\Windows\Sun\Java\bin;C:\Windows\system32;C:\Windows;C:/Program Files (x86)/Java/jre1.8.0_171/bin/client;C:/Program Files (x86)/Java/jre1.8.0_171/bin;C:/Program Files (x86)/Java/jre1.8.0_171/lib/i386;C:\Program Files (x86)\Common Files\Oracle\Java\javapath;C:\Program Files\avs\bin;C:\Program Files\avs\bin32;C:\Program Files (x86)\IBM\RationalSDLC\common;C:\ClearCase\Perl\site\bin;C:\ClearCase\Perl\bin;C:\Windows\system32;C:\Windows;C:\Windows\System32\Wbem;C:\Windows\System32\WindowsPowerShell\v1.0\;C:\Program Files (x86)\Sennheiser\SoftphoneSDK\;C:\Program Files (x86)\Genband\IDCE 11.5.0\Bin;C:\Program Files (x86)\IBM\RationalSDLC\ClearCase\bin;C:\Program Files (x86)\IBM\gsk8\lib;C:\Program Files (x86)\IBM\gsk8\bin;C:\Program Files (x86)\IBM\RationalSDLC\ClearCase\RemoteClient\cteapis;C:\Windows\CCM;C:\Program Files (x86)\ATI Technologies\ATI.ACE\Core-Static;C:\Program Files\nodejs\;C:\Program Files\apache-maven-3.5.4\bin;C:\Program Files\Java\jdk1.8.0_181\bin;C:\Program Files\Git\cmd;C:\Program Files\Git\mingw64\bin;C:\Program Files\Git\usr\bin;D:\Users\ofgenc\AppData\Local\Microsoft\WindowsApps;;D:\Users\ofgenc\AppData\Roaming\npm;D:\Users\ofgenc\sts\sts-bundle\sts-3.9.4.RELEASE;;.]
2018-08-13 11:53:52.240  INFO 10980 --- [localhost-startStop-1] o.a.c.c.C.[Tomcat].[localhost].[/]       : Initializing Spring embedded WebApplicationContext
2018-08-13 11:53:52.241  INFO 10980 --- [localhost-startStop-1] o.s.web.context.ContextLoader            : Root WebApplicationContext: initialization completed in 7533 ms
2018-08-13 11:53:52.405  INFO 10980 --- [localhost-startStop-1] o.s.b.w.servlet.ServletRegistrationBean  : Servlet dispatcherServlet mapped to [/]
2018-08-13 11:53:52.414  INFO 10980 --- [localhost-startStop-1] o.s.b.w.servlet.FilterRegistrationBean   : Mapping filter: 'characterEncodingFilter' to: [/*]
2018-08-13 11:53:52.419  INFO 10980 --- [localhost-startStop-1] o.s.b.w.servlet.FilterRegistrationBean   : Mapping filter: 'hiddenHttpMethodFilter' to: [/*]
2018-08-13 11:53:52.422  INFO 10980 --- [localhost-startStop-1] o.s.b.w.servlet.FilterRegistrationBean   : Mapping filter: 'httpPutFormContentFilter' to: [/*]
2018-08-13 11:53:52.423  INFO 10980 --- [localhost-startStop-1] o.s.b.w.servlet.FilterRegistrationBean   : Mapping filter: 'requestContextFilter' to: [/*]
2018-08-13 11:53:53.073  INFO 10980 --- [main] com.zaxxer.hikari.HikariDataSource       : HikariPool-1 - Starting...
2018-08-13 11:53:53.893  INFO 10980 --- [main] com.zaxxer.hikari.HikariDataSource       : HikariPool-1 - Start completed.
2018-08-13 11:53:53.999  INFO 10980 --- [main] j.LocalContainerEntityManagerFactoryBean : Building JPA container EntityManagerFactory for persistence unit 'default'
2018-08-13 11:53:54.056  INFO 10980 --- [main] o.hibernate.jpa.internal.util.LogHelper  : HHH000204: Processing PersistenceUnitInfo [
	name: default
	...]
2018-08-13 11:53:54.327  INFO 10980 --- [main] org.hibernate.Version                    : HHH000412: Hibernate Core {5.2.17.Final}
2018-08-13 11:53:54.329  INFO 10980 --- [main] org.hibernate.cfg.Environment            : HHH000206: hibernate.properties not found
2018-08-13 11:53:54.515  INFO 10980 --- [main] o.hibernate.annotations.common.Version   : HCANN000001: Hibernate Commons Annotations {5.0.1.Final}
2018-08-13 11:53:54.824  INFO 10980 --- [main] org.hibernate.dialect.Dialect            : HHH000400: Using dialect: org.hibernate.dialect.MySQL5Dialect
2018-08-13 11:53:56.707  INFO 10980 --- [main] j.LocalContainerEntityManagerFactoryBean : Initialized JPA EntityManagerFactory for persistence unit 'default'
2018-08-13 11:53:59.165  INFO 10980 --- [main] o.s.w.s.handler.SimpleUrlHandlerMapping  : Mapped URL path [/**/favicon.ico] onto handler of type [class org.springframework.web.servlet.resource.ResourceHttpRequestHandler]
2018-08-13 11:54:00.694  INFO 10980 --- [main] s.w.s.m.m.a.RequestMappingHandlerAdapter : Looking for @ControllerAdvice: org.springframework.boot.web.servlet.context.AnnotationConfigServletWebServerApplicationContext@7c469c48: startup date [Mon Aug 13 11:53:44 EET 2018]; root of context hierarchy
2018-08-13 11:54:01.088  WARN 10980 --- [main] aWebConfiguration$JpaWebMvcConfiguration : spring.jpa.open-in-view is enabled by default. Therefore, database queries may be performed during view rendering. Explicitly configure spring.jpa.open-in-view to disable this warning
2018-08-13 11:54:01.331  INFO 10980 --- [main] s.w.s.m.m.a.RequestMappingHandlerMapping : Mapped "{[/person/addDepartment],methods=[POST]}" onto public org.springframework.http.ResponseEntity<com.farukgenc.person.web.resources.SuccessAssignmentResource> com.farukgenc.person.web.controller.AssignmentController.assignmentDepartmentSuccess(com.farukgenc.person.web.resources.AssignmentResource)
2018-08-13 11:54:01.347  INFO 10980 --- [main] s.w.s.m.m.a.RequestMappingHandlerMapping : Mapped "{[/department],methods=[GET]}" onto public org.springframework.http.ResponseEntity<java.util.List<com.farukgenc.person.web.resources.DepartmentResource>> com.farukgenc.person.web.controller.DepartmentController.getAllDepartment()
2018-08-13 11:54:01.350  INFO 10980 --- [main] s.w.s.m.m.a.RequestMappingHandlerMapping : Mapped "{[/department/{departmentId}],methods=[DELETE]}" onto public org.springframework.http.ResponseEntity<com.farukgenc.person.web.resources.SuccessResource> com.farukgenc.person.web.controller.DepartmentController.deleteDepartment(java.lang.Long) throws com.farukgenc.person.exception.DepartmentNotFoundException
2018-08-13 11:54:01.356  INFO 10980 --- [main] s.w.s.m.m.a.RequestMappingHandlerMapping : Mapped "{[/department],methods=[PUT]}" onto public org.springframework.http.ResponseEntity<com.farukgenc.person.web.resources.DepartmentResource> com.farukgenc.person.web.controller.DepartmentController.updateDepartment(com.farukgenc.person.web.resources.DepartmentResource) throws com.farukgenc.person.exception.DepartmentNotFoundException
2018-08-13 11:54:01.359  INFO 10980 --- [main] s.w.s.m.m.a.RequestMappingHandlerMapping : Mapped "{[/department/{departmentId}],methods=[GET]}" onto public org.springframework.http.ResponseEntity<com.farukgenc.person.web.resources.DepartmentResource> com.farukgenc.person.web.controller.DepartmentController.getDepartment(java.lang.Long) throws com.farukgenc.person.exception.DepartmentNotFoundException
2018-08-13 11:54:01.360  INFO 10980 --- [main] s.w.s.m.m.a.RequestMappingHandlerMapping : Mapped "{[/department],methods=[POST]}" onto public org.springframework.http.ResponseEntity<com.farukgenc.person.web.resources.DepartmentResource> com.farukgenc.person.web.controller.DepartmentController.addDepartment(com.farukgenc.person.web.resources.DepartmentResource)
2018-08-13 11:54:01.365  INFO 10980 --- [main] s.w.s.m.m.a.RequestMappingHandlerMapping : Mapped "{[/person/{personId}],methods=[GET]}" onto public org.springframework.http.ResponseEntity<com.farukgenc.person.web.resources.PersonResource> com.farukgenc.person.web.controller.PersonController.getPerson(java.lang.Long) throws com.farukgenc.person.exception.PersonNotFoundException
2018-08-13 11:54:01.366  INFO 10980 --- [main] s.w.s.m.m.a.RequestMappingHandlerMapping : Mapped "{[/person/{personId}],methods=[DELETE]}" onto public org.springframework.http.ResponseEntity<com.farukgenc.person.web.resources.SuccessResource> com.farukgenc.person.web.controller.PersonController.deletePerson(java.lang.Long) throws com.farukgenc.person.exception.PersonNotFoundException
2018-08-13 11:54:01.367  INFO 10980 --- [main] s.w.s.m.m.a.RequestMappingHandlerMapping : Mapped "{[/person],methods=[POST]}" onto public org.springframework.http.ResponseEntity<com.farukgenc.person.web.resources.PersonResource> com.farukgenc.person.web.controller.PersonController.addPerson(com.farukgenc.person.web.resources.PersonResource)
2018-08-13 11:54:01.368  INFO 10980 --- [main] s.w.s.m.m.a.RequestMappingHandlerMapping : Mapped "{[/person],methods=[PUT]}" onto public org.springframework.http.ResponseEntity<com.farukgenc.person.web.resources.PersonResource> com.farukgenc.person.web.controller.PersonController.updatePerson(com.farukgenc.person.web.resources.PersonResource) throws com.farukgenc.person.exception.PersonNotFoundException
2018-08-13 11:54:01.369  INFO 10980 --- [main] s.w.s.m.m.a.RequestMappingHandlerMapping : Mapped "{[/person],methods=[GET]}" onto public org.springframework.http.ResponseEntity<java.util.List<com.farukgenc.person.web.resources.PersonResource>> com.farukgenc.person.web.controller.PersonController.getAllPerson()
2018-08-13 11:54:01.435  INFO 10980 --- [main] s.w.s.m.m.a.RequestMappingHandlerMapping : Mapped "{[/error]}" onto public org.springframework.http.ResponseEntity<java.util.Map<java.lang.String, java.lang.Object>> org.springframework.boot.autoconfigure.web.servlet.error.BasicErrorController.error(javax.servlet.http.HttpServletRequest)
2018-08-13 11:54:01.438  INFO 10980 --- [main] s.w.s.m.m.a.RequestMappingHandlerMapping : Mapped "{[/error],produces=[text/html]}" onto public org.springframework.web.servlet.ModelAndView org.springframework.boot.autoconfigure.web.servlet.error.BasicErrorController.errorHtml(javax.servlet.http.HttpServletRequest,javax.servlet.http.HttpServletResponse)
2018-08-13 11:54:01.632  INFO 10980 --- [main] o.s.w.s.handler.SimpleUrlHandlerMapping  : Mapped URL path [/webjars/**] onto handler of type [class org.springframework.web.servlet.resource.ResourceHttpRequestHandler]
2018-08-13 11:54:01.635  INFO 10980 --- [main] o.s.w.s.handler.SimpleUrlHandlerMapping  : Mapped URL path [/**] onto handler of type [class org.springframework.web.servlet.resource.ResourceHttpRequestHandler]
2018-08-13 11:54:01.732  INFO 10980 --- [main] .m.m.a.ExceptionHandlerExceptionResolver : Detected @ExceptionHandler methods in globalExceptionHandler
2018-08-13 11:54:03.249  INFO 10980 --- [main] o.s.j.e.a.AnnotationMBeanExporter        : Registering beans for JMX exposure on startup
2018-08-13 11:54:03.255  INFO 10980 --- [main] o.s.j.e.a.AnnotationMBeanExporter        : Bean with name 'dataSource' has been autodetected for JMX exposure
2018-08-13 11:54:03.269  INFO 10980 --- [main] o.s.j.e.a.AnnotationMBeanExporter        : Located MBean 'dataSource': registering with JMX server as MBean [com.zaxxer.hikari:name=dataSource,type=HikariDataSource]
2018-08-13 11:54:03.510  INFO 10980 --- [main] o.s.b.w.embedded.tomcat.TomcatWebServer  : Tomcat started on port(s): 8080 (http) with context path ''
2018-08-13 11:54:16.753  INFO 10980 --- [http-nio-8080-exec-9] o.a.c.c.C.[Tomcat].[localhost].[/]       : Initializing Spring FrameworkServlet 'dispatcherServlet'
2018-08-13 11:54:16.754  INFO 10980 --- [http-nio-8080-exec-9] o.s.web.servlet.DispatcherServlet        : FrameworkServlet 'dispatcherServlet': initialization started
2018-08-13 11:54:16.805  INFO 10980 --- [http-nio-8080-exec-9] o.s.web.servlet.DispatcherServlet        : FrameworkServlet 'dispatcherServlet': initialization completed in 51 ms
2018-08-13 11:54:17.139  WARN 10980 --- [http-nio-8080-exec-9] c.f.p.w.controller.AssignmentController  : Hello Assignment Controller Log
2018-08-13 11:54:17.194  INFO 10980 --- [http-nio-8080-exec-9] o.h.h.i.QueryTranslatorFactoryInitiator  : HHH000397: Using ASTQueryTranslatorFactory
